{"C:\\Users\\Jefferson Goulart\\Downloads\\comunidade-alerta-com-testes\\projeto\\backend\\src\\app.js": {"path":"C:\\Users\\Jefferson Goulart\\Downloads\\comunidade-alerta-com-testes\\projeto\\backend\\src\\app.js","statementMap":{"0":{"start":{"line":1,"column":16},"end":{"line":1,"column":34}},"1":{"start":{"line":2,"column":13},"end":{"line":2,"column":28}},"2":{"start":{"line":3,"column":15},"end":{"line":3,"column":32}},"3":{"start":{"line":4,"column":15},"end":{"line":4,"column":32}},"4":{"start":{"line":5,"column":15},"end":{"line":5,"column":37}},"5":{"start":{"line":6,"column":15},"end":{"line":6,"column":34}},"6":{"start":{"line":7,"column":25},"end":{"line":7,"column":62}},"7":{"start":{"line":9,"column":0},"end":{"line":9,"column":31}},"8":{"start":{"line":11,"column":28},"end":{"line":16,"column":2}},"9":{"start":{"line":18,"column":12},"end":{"line":18,"column":21}},"10":{"start":{"line":19,"column":0},"end":{"line":19,"column":18}},"11":{"start":{"line":20,"column":0},"end":{"line":20,"column":16}},"12":{"start":{"line":21,"column":0},"end":{"line":21,"column":24}},"13":{"start":{"line":22,"column":0},"end":{"line":22,"column":28}},"14":{"start":{"line":24,"column":0},"end":{"line":30,"column":3}},"15":{"start":{"line":25,"column":14},"end":{"line":25,"column":46}},"16":{"start":{"line":26,"column":2},"end":{"line":28,"column":5}},"17":{"start":{"line":27,"column":4},"end":{"line":27,"column":78}},"18":{"start":{"line":29,"column":2},"end":{"line":29,"column":9}},"19":{"start":{"line":32,"column":0},"end":{"line":32,"column":24}},"20":{"start":{"line":33,"column":0},"end":{"line":33,"column":22}},"21":{"start":{"line":35,"column":0},"end":{"line":35,"column":21}}},"fnMap":{"0":{"name":"(anonymous_0)","decl":{"start":{"line":24,"column":8},"end":{"line":24,"column":9}},"loc":{"start":{"line":24,"column":28},"end":{"line":30,"column":1}},"line":24},"1":{"name":"(anonymous_1)","decl":{"start":{"line":26,"column":19},"end":{"line":26,"column":20}},"loc":{"start":{"line":26,"column":25},"end":{"line":28,"column":3}},"line":26}},"branchMap":{},"s":{"0":3,"1":3,"2":3,"3":3,"4":3,"5":3,"6":3,"7":3,"8":3,"9":3,"10":3,"11":3,"12":3,"13":3,"14":3,"15":21,"16":21,"17":21,"18":21,"19":3,"20":3,"21":3},"f":{"0":21,"1":21},"b":{},"_coverageSchema":"1a1c01bbd47fc00a2c39e90264f33305004495a9","hash":"c47ba90a7242d8505e6a72372969bb49290841e1"}
,"C:\\Users\\Jefferson Goulart\\Downloads\\comunidade-alerta-com-testes\\projeto\\backend\\src\\config\\env.js": {"path":"C:\\Users\\Jefferson Goulart\\Downloads\\comunidade-alerta-com-testes\\projeto\\backend\\src\\config\\env.js","statementMap":{"0":{"start":{"line":1,"column":0},"end":{"line":4,"column":2}}},"fnMap":{},"branchMap":{"0":{"loc":{"start":{"line":2,"column":15},"end":{"line":2,"column":39}},"type":"binary-expr","locations":[{"start":{"line":2,"column":15},"end":{"line":2,"column":31}},{"start":{"line":2,"column":35},"end":{"line":2,"column":39}}],"line":2},"1":{"loc":{"start":{"line":3,"column":15},"end":{"line":3,"column":101}},"type":"binary-expr","locations":[{"start":{"line":3,"column":15},"end":{"line":3,"column":39}},{"start":{"line":3,"column":43},"end":{"line":3,"column":101}}],"line":3}},"s":{"0":3},"f":{},"b":{"0":[3,3],"1":[3,3]},"_coverageSchema":"1a1c01bbd47fc00a2c39e90264f33305004495a9","hash":"1dbb0b607e2333d1e70efe5ff552ee6ef6c88a69"}
,"C:\\Users\\Jefferson Goulart\\Downloads\\comunidade-alerta-com-testes\\projeto\\backend\\src\\controllers\\alertsController.js": {"path":"C:\\Users\\Jefferson Goulart\\Downloads\\comunidade-alerta-com-testes\\projeto\\backend\\src\\controllers\\alertsController.js","statementMap":{"0":{"start":{"line":1,"column":46},"end":{"line":1,"column":82}},"1":{"start":{"line":4,"column":2},"end":{"line":9,"column":3}},"2":{"start":{"line":5,"column":17},"end":{"line":5,"column":35}},"3":{"start":{"line":6,"column":4},"end":{"line":6,"column":23}},"4":{"start":{"line":8,"column":4},"end":{"line":8,"column":16}},"5":{"start":{"line":13,"column":2},"end":{"line":23,"column":3}},"6":{"start":{"line":14,"column":54},"end":{"line":14,"column":62}},"7":{"start":{"line":15,"column":4},"end":{"line":17,"column":5}},"8":{"start":{"line":16,"column":6},"end":{"line":16,"column":111}},"9":{"start":{"line":19,"column":17},"end":{"line":19,"column":44}},"10":{"start":{"line":20,"column":4},"end":{"line":20,"column":42}},"11":{"start":{"line":22,"column":4},"end":{"line":22,"column":23}},"12":{"start":{"line":27,"column":2},"end":{"line":32,"column":3}},"13":{"start":{"line":28,"column":17},"end":{"line":28,"column":33}},"14":{"start":{"line":29,"column":4},"end":{"line":29,"column":19}},"15":{"start":{"line":31,"column":4},"end":{"line":31,"column":16}},"16":{"start":{"line":35,"column":0},"end":{"line":35,"column":49}}},"fnMap":{"0":{"name":"getAlerts","decl":{"start":{"line":3,"column":15},"end":{"line":3,"column":24}},"loc":{"start":{"line":3,"column":42},"end":{"line":10,"column":1}},"line":3},"1":{"name":"postAlert","decl":{"start":{"line":12,"column":15},"end":{"line":12,"column":24}},"loc":{"start":{"line":12,"column":41},"end":{"line":24,"column":1}},"line":12},"2":{"name":"stats","decl":{"start":{"line":26,"column":15},"end":{"line":26,"column":20}},"loc":{"start":{"line":26,"column":38},"end":{"line":33,"column":1}},"line":26}},"branchMap":{"0":{"loc":{"start":{"line":15,"column":4},"end":{"line":17,"column":5}},"type":"if","locations":[{"start":{"line":15,"column":4},"end":{"line":17,"column":5}},{"start":{},"end":{}}],"line":15},"1":{"loc":{"start":{"line":15,"column":8},"end":{"line":15,"column":55}},"type":"binary-expr","locations":[{"start":{"line":15,"column":8},"end":{"line":15,"column":14}},{"start":{"line":15,"column":18},"end":{"line":15,"column":31}},{"start":{"line":15,"column":35},"end":{"line":15,"column":44}},{"start":{"line":15,"column":48},"end":{"line":15,"column":55}}],"line":15}},"s":{"0":3,"1":4,"2":4,"3":3,"4":1,"5":8,"6":8,"7":8,"8":5,"9":3,"10":2,"11":1,"12":6,"13":6,"14":5,"15":1,"16":3},"f":{"0":4,"1":8,"2":6},"b":{"0":[5,3],"1":[8,6,5,4]},"_coverageSchema":"1a1c01bbd47fc00a2c39e90264f33305004495a9","hash":"d6e03c82759c366da2a539d214ed7d30f8156000"}
,"C:\\Users\\Jefferson Goulart\\Downloads\\comunidade-alerta-com-testes\\projeto\\backend\\src\\controllers\\healthController.js": {"path":"C:\\Users\\Jefferson Goulart\\Downloads\\comunidade-alerta-com-testes\\projeto\\backend\\src\\controllers\\healthController.js","statementMap":{"0":{"start":{"line":1,"column":17},"end":{"line":1,"column":33}},"1":{"start":{"line":4,"column":2},"end":{"line":9,"column":3}},"2":{"start":{"line":5,"column":4},"end":{"line":5,"column":33}},"3":{"start":{"line":6,"column":4},"end":{"line":6,"column":84}},"4":{"start":{"line":8,"column":4},"end":{"line":8,"column":104}},"5":{"start":{"line":12,"column":0},"end":{"line":12,"column":28}}},"fnMap":{"0":{"name":"health","decl":{"start":{"line":3,"column":15},"end":{"line":3,"column":21}},"loc":{"start":{"line":3,"column":33},"end":{"line":10,"column":1}},"line":3}},"branchMap":{},"s":{"0":3,"1":3,"2":3,"3":2,"4":1,"5":3},"f":{"0":3},"b":{},"_coverageSchema":"1a1c01bbd47fc00a2c39e90264f33305004495a9","hash":"cb0e9d8cd246fa4a9b252447bd6155503e714493"}
,"C:\\Users\\Jefferson Goulart\\Downloads\\comunidade-alerta-com-testes\\projeto\\backend\\src\\db\\index.js": {"path":"C:\\Users\\Jefferson Goulart\\Downloads\\comunidade-alerta-com-testes\\projeto\\backend\\src\\db\\index.js","statementMap":{"0":{"start":{"line":1,"column":17},"end":{"line":1,"column":30}},"1":{"start":{"line":2,"column":24},"end":{"line":2,"column":48}},"2":{"start":{"line":4,"column":13},"end":{"line":4,"column":56}},"3":{"start":{"line":7,"column":2},"end":{"line":17,"column":5}},"4":{"start":{"line":19,"column":19},"end":{"line":19,"column":80}},"5":{"start":{"line":20,"column":2},"end":{"line":28,"column":3}},"6":{"start":{"line":21,"column":4},"end":{"line":27,"column":7}},"7":{"start":{"line":31,"column":0},"end":{"line":31,"column":34}}},"fnMap":{"0":{"name":"initDb","decl":{"start":{"line":6,"column":15},"end":{"line":6,"column":21}},"loc":{"start":{"line":6,"column":24},"end":{"line":29,"column":1}},"line":6}},"branchMap":{"0":{"loc":{"start":{"line":20,"column":2},"end":{"line":28,"column":3}},"type":"if","locations":[{"start":{"line":20,"column":2},"end":{"line":28,"column":3}},{"start":{},"end":{}}],"line":20}},"s":{"0":3,"1":3,"2":3,"3":0,"4":0,"5":0,"6":0,"7":3},"f":{"0":0},"b":{"0":[0,0]},"_coverageSchema":"1a1c01bbd47fc00a2c39e90264f33305004495a9","hash":"9feb64909421c6b4424824d0c3988c40dd1c9a72"}
,"C:\\Users\\Jefferson Goulart\\Downloads\\comunidade-alerta-com-testes\\projeto\\backend\\src\\middlewares\\errorHandler.js": {"path":"C:\\Users\\Jefferson Goulart\\Downloads\\comunidade-alerta-com-testes\\projeto\\backend\\src\\middlewares\\errorHandler.js","statementMap":{"0":{"start":{"line":2,"column":2},"end":{"line":2,"column":23}},"1":{"start":{"line":3,"column":2},"end":{"line":3,"column":65}},"2":{"start":{"line":6,"column":0},"end":{"line":6,"column":34}}},"fnMap":{"0":{"name":"errorHandler","decl":{"start":{"line":1,"column":9},"end":{"line":1,"column":21}},"loc":{"start":{"line":1,"column":47},"end":{"line":4,"column":1}},"line":1}},"branchMap":{},"s":{"0":3,"1":3,"2":3},"f":{"0":3},"b":{},"_coverageSchema":"1a1c01bbd47fc00a2c39e90264f33305004495a9","hash":"c9ec6ef533ca36e004fd33f5d54221fe1bcd3dcb"}
,"C:\\Users\\Jefferson Goulart\\Downloads\\comunidade-alerta-com-testes\\projeto\\backend\\src\\routes\\index.js": {"path":"C:\\Users\\Jefferson Goulart\\Downloads\\comunidade-alerta-com-testes\\projeto\\backend\\src\\routes\\index.js","statementMap":{"0":{"start":{"line":1,"column":19},"end":{"line":1,"column":37}},"1":{"start":{"line":2,"column":15},"end":{"line":2,"column":37}},"2":{"start":{"line":3,"column":40},"end":{"line":3,"column":82}},"3":{"start":{"line":4,"column":19},"end":{"line":4,"column":61}},"4":{"start":{"line":6,"column":15},"end":{"line":6,"column":23}},"5":{"start":{"line":8,"column":0},"end":{"line":8,"column":30}},"6":{"start":{"line":9,"column":0},"end":{"line":9,"column":33}},"7":{"start":{"line":10,"column":0},"end":{"line":10,"column":34}},"8":{"start":{"line":11,"column":0},"end":{"line":11,"column":28}},"9":{"start":{"line":12,"column":0},"end":{"line":15,"column":3}},"10":{"start":{"line":13,"column":2},"end":{"line":13,"column":55}},"11":{"start":{"line":14,"column":2},"end":{"line":14,"column":43}},"12":{"start":{"line":17,"column":0},"end":{"line":17,"column":24}}},"fnMap":{"0":{"name":"(anonymous_0)","decl":{"start":{"line":12,"column":23},"end":{"line":12,"column":24}},"loc":{"start":{"line":12,"column":44},"end":{"line":15,"column":1}},"line":12}},"branchMap":{},"s":{"0":3,"1":3,"2":3,"3":3,"4":3,"5":3,"6":3,"7":3,"8":3,"9":3,"10":0,"11":0,"12":3},"f":{"0":0},"b":{},"_coverageSchema":"1a1c01bbd47fc00a2c39e90264f33305004495a9","hash":"3b623145ad00df65fe67c96f7338fe6b7ed52032"}
,"C:\\Users\\Jefferson Goulart\\Downloads\\comunidade-alerta-com-testes\\projeto\\backend\\src\\services\\alertsService.js": {"path":"C:\\Users\\Jefferson Goulart\\Downloads\\comunidade-alerta-com-testes\\projeto\\backend\\src\\services\\alertsService.js","statementMap":{"0":{"start":{"line":1,"column":17},"end":{"line":1,"column":33}},"1":{"start":{"line":4,"column":19},"end":{"line":4,"column":93}},"2":{"start":{"line":5,"column":2},"end":{"line":5,"column":14}},"3":{"start":{"line":9,"column":16},"end":{"line":13,"column":3}},"4":{"start":{"line":15,"column":17},"end":{"line":21,"column":3}},"5":{"start":{"line":23,"column":19},"end":{"line":23,"column":50}},"6":{"start":{"line":24,"column":2},"end":{"line":24,"column":17}},"7":{"start":{"line":28,"column":61},"end":{"line":32,"column":4}},"8":{"start":{"line":34,"column":2},"end":{"line":39,"column":4}},"9":{"start":{"line":42,"column":0},"end":{"line":42,"column":55}}},"fnMap":{"0":{"name":"listAlerts","decl":{"start":{"line":3,"column":15},"end":{"line":3,"column":25}},"loc":{"start":{"line":3,"column":28},"end":{"line":6,"column":1}},"line":3},"1":{"name":"createAlert","decl":{"start":{"line":8,"column":15},"end":{"line":8,"column":26}},"loc":{"start":{"line":8,"column":36},"end":{"line":25,"column":1}},"line":8},"2":{"name":"getStats","decl":{"start":{"line":27,"column":15},"end":{"line":27,"column":23}},"loc":{"start":{"line":27,"column":26},"end":{"line":40,"column":1}},"line":27}},"branchMap":{"0":{"loc":{"start":{"line":17,"column":4},"end":{"line":17,"column":29}},"type":"binary-expr","locations":[{"start":{"line":17,"column":4},"end":{"line":17,"column":23}},{"start":{"line":17,"column":27},"end":{"line":17,"column":29}}],"line":17}},"s":{"0":3,"1":4,"2":3,"3":3,"4":3,"5":3,"6":2,"7":6,"8":5,"9":3},"f":{"0":4,"1":3,"2":6},"b":{"0":[3,0]},"_coverageSchema":"1a1c01bbd47fc00a2c39e90264f33305004495a9","hash":"5ff86ceb282bc6d510596e42d1a680412d07f5d5"}
}
