TN:
SF:src\app.js
FN:24,(anonymous_0)
FN:26,(anonymous_1)
FNF:2
FNH:2
FNDA:21,(anonymous_0)
FNDA:21,(anonymous_1)
DA:1,3
DA:2,3
DA:3,3
DA:4,3
DA:5,3
DA:6,3
DA:7,3
DA:9,3
DA:11,3
DA:18,3
DA:19,3
DA:20,3
DA:21,3
DA:22,3
DA:24,3
DA:25,21
DA:26,21
DA:27,21
DA:29,21
DA:32,3
DA:33,3
DA:35,3
LF:22
LH:22
BRF:0
BRH:0
end_of_record
TN:
SF:src\config\env.js
FNF:0
FNH:0
DA:1,3
LF:1
LH:1
BRDA:2,0,0,3
BRDA:2,0,1,3
BRDA:3,1,0,3
BRDA:3,1,1,3
BRF:4
BRH:4
end_of_record
TN:
SF:src\controllers\alertsController.js
FN:3,getAlerts
FN:12,postAlert
FN:26,stats
FNF:3
FNH:3
FNDA:4,getAlerts
FNDA:8,postAlert
FNDA:6,stats
DA:1,3
DA:4,4
DA:5,4
DA:6,3
DA:8,1
DA:13,8
DA:14,8
DA:15,8
DA:16,5
DA:19,3
DA:20,2
DA:22,1
DA:27,6
DA:28,6
DA:29,5
DA:31,1
DA:35,3
LF:17
LH:17
BRDA:15,0,0,5
BRDA:15,0,1,3
BRDA:15,1,0,8
BRDA:15,1,1,6
BRDA:15,1,2,5
BRDA:15,1,3,4
BRF:6
BRH:6
end_of_record
TN:
SF:src\controllers\healthController.js
FN:3,health
FNF:1
FNH:1
FNDA:3,health
DA:1,3
DA:4,3
DA:5,3
DA:6,2
DA:8,1
DA:12,3
LF:6
LH:6
BRF:0
BRH:0
end_of_record
TN:
SF:src\db\index.js
FN:6,initDb
FNF:1
FNH:0
FNDA:0,initDb
DA:1,3
DA:2,3
DA:4,3
DA:7,0
DA:19,0
DA:20,0
DA:21,0
DA:31,3
LF:8
LH:4
BRDA:20,0,0,0
BRDA:20,0,1,0
BRF:2
BRH:0
end_of_record
TN:
SF:src\middlewares\errorHandler.js
FN:1,errorHandler
FNF:1
FNH:1
FNDA:3,errorHandler
DA:2,3
DA:3,3
DA:6,3
LF:3
LH:3
BRF:0
BRH:0
end_of_record
TN:
SF:src\routes\index.js
FN:12,(anonymous_0)
FNF:1
FNH:0
FNDA:0,(anonymous_0)
DA:1,3
DA:2,3
DA:3,3
DA:4,3
DA:6,3
DA:8,3
DA:9,3
DA:10,3
DA:11,3
DA:12,3
DA:13,0
DA:14,0
DA:17,3
LF:13
LH:11
BRF:0
BRH:0
end_of_record
TN:
SF:src\services\alertsService.js
FN:3,listAlerts
FN:8,createAlert
FN:27,getStats
FNF:3
FNH:3
FNDA:4,listAlerts
FNDA:3,createAlert
FNDA:6,getStats
DA:1,3
DA:4,4
DA:5,3
DA:9,3
DA:15,3
DA:23,3
DA:24,2
DA:28,6
DA:34,5
DA:42,3
LF:10
LH:10
BRDA:17,0,0,3
BRDA:17,0,1,0
BRF:2
BRH:1
end_of_record
